<?xml version="1.0" encoding="UTF-8"?>
<!-- Generated by org.testng.reporters.JUnitReportReporter -->
<testsuite hostname="Hariharan" failures="0" tests="1" name="com.Flipcart.searchproduct.TC03_SearchProductDiscountPrice" time="18.183" errors="0" timestamp="2023-09-21T11:31:39 IST" skipped="0">
  <testcase classname="com.Flipcart.searchproduct.TC03_SearchProductDiscountPrice" name="SearchProductByDiscountPrice" time="18.183"/>
  <system-out/>
</testsuite> <!-- com.Flipcart.searchproduct.TC03_SearchProductDiscountPrice -->
