<?xml version="1.0" encoding="UTF-8"?>
<!-- Generated by org.testng.reporters.JUnitReportReporter -->
<testsuite hostname="Hariharan" failures="0" tests="1" name="com.Flipcart.searchproduct.TC01_SearchProductName" time="16.075" errors="0" timestamp="2023-09-23T10:16:31 IST" skipped="0">
  <testcase classname="com.Flipcart.searchproduct.TC01_SearchProductName" name="searchProductByName" time="16.075"/>
  <system-out/>
</testsuite> <!-- com.Flipcart.searchproduct.TC01_SearchProductName -->
