<?xml version="1.0" encoding="UTF-8"?>
<!-- Generated by org.testng.reporters.JUnitReportReporter -->
<testsuite hostname="Hariharan" failures="0" tests="1" name="com.Flipcart.Addproduct.Demo" time="10.070" errors="0" timestamp="2023-09-22T11:19:52 IST" skipped="0">
  <testcase classname="com.Flipcart.Addproduct.Demo" name="Demo" time="10.070"/>
  <system-out/>
</testsuite> <!-- com.Flipcart.Addproduct.Demo -->
