<?xml version="1.0" encoding="UTF-8"?>
<!-- Generated by org.testng.reporters.JUnitReportReporter -->
<testsuite hostname="Hariharan" failures="0" tests="1" name="com.Flipcart.searchproduct.TC04_SearchProductAndComparePrice" time="17.152" errors="0" timestamp="2023-09-20T16:56:39 IST" skipped="0">
  <testcase classname="com.Flipcart.searchproduct.TC04_SearchProductAndComparePrice" name="searchProductAndComparePrice" time="17.152"/>
  <system-out/>
</testsuite> <!-- com.Flipcart.searchproduct.TC04_SearchProductAndComparePrice -->
